<?xml version="1.0" encoding="UTF-8"?>
<testng-results ignored="0" total="2" passed="2" failed="0" skipped="0">
  <reporter-output>
  </reporter-output>
  <suite started-at="2024-09-06T13:19:54Z" name="Default suite" finished-at="2024-09-06T13:19:54Z" duration-ms="95">
    <groups>
    </groups>
    <test started-at="2024-09-06T13:19:54Z" name="Default test" finished-at="2024-09-06T13:19:54Z" duration-ms="95">
      <class name="Pac1.ContactTest">
        <test-method signature="createContactTest()[pri:0, instance:Pac1.ContactTest@5a2d131d]" started-at="2024-09-06T13:19:54Z" name="createContactTest" finished-at="2024-09-06T13:19:54Z" duration-ms="30" status="PASS">
          <reporter-output>
          </reporter-output>
        </test-method> <!-- createContactTest -->
        <test-method signature="modifyContactTest()[pri:0, instance:Pac1.ContactTest@5a2d131d]" started-at="2024-09-06T13:19:54Z" name="modifyContactTest" finished-at="2024-09-06T13:19:54Z" duration-ms="5" status="PASS">
          <reporter-output>
          </reporter-output>
        </test-method> <!-- modifyContactTest -->
      </class> <!-- Pac1.ContactTest -->
    </test> <!-- Default test -->
  </suite> <!-- Default suite -->
</testng-results>
